  Running UnrealBuildTool: dotnet "..\..\Engine\Binaries\DotNET\UnrealBuildTool\UnrealBuildTool.dll" CoopHordeGameEditor Win64 Development -Project="C:\Users\lg_pi\OneDrive\Documentos\GitHub\CoopHordeGame\CoopHordeGame\CoopHordeGame.uproject" -WaitMutex -FromMsBuild
  Log file: C:\Users\lg_pi\AppData\Local\UnrealBuildTool\Log.txt
  Using 'git status' to determine working set for adaptive non-unity build (C:\Users\lg_pi\OneDrive\Documentos\GitHub\CoopHordeGame).
  Invalidating makefile for CoopHordeGameEditor (working set of source files changed)
  Parsing headers for CoopHordeGameEditor
    Running Internal UnrealHeaderTool C:\Users\lg_pi\OneDrive\Documentos\GitHub\CoopHordeGame\CoopHordeGame\CoopHordeGame.uproject C:\Users\lg_pi\OneDrive\Documentos\GitHub\CoopHordeGame\CoopHordeGame\Intermediate\Build\Win64\CoopHordeGameEditor\Development\CoopHordeGameEditor.uhtmanifest -WarningsAsErrors -installed
  Total of 0 written
  Reflection code generated for CoopHordeGameEditor in 1.158881 seconds
  Building CoopHordeGameEditor...
  Using Visual Studio 2022 14.34.31937 toolchain (C:\Program Files\Microsoft Visual Studio\2022\Community\VC\Tools\MSVC\14.34.31933) and Windows 10.0.22000.0 SDK (C:\Program Files (x86)\Windows Kits\10).
  [Upgrade]
  [Upgrade] Using backward-compatible include order. The latest version of UE has changed the order of includes, which may require code changes. The current setting is:
  [Upgrade]     IncludeOrderVersion = EngineIncludeOrderVersion.Unreal5_0
  [Upgrade] Suppress this message by setting 'IncludeOrderVersion = EngineIncludeOrderVersion.Unreal5_1;' in CoopHordeGameEditor.Target.cs.
  [Upgrade] Alternatively you can set this to 'EngineIncludeOrderVersion.Latest' to always use the latest include order. This will potentially cause compile errors when integrating new versions of the engine.
  [Upgrade]
  [Adaptive Build] Excluded from CoopHordeGame unity file: SPickupActor.cpp
  Determining max actions to execute in parallel (14 physical cores, 20 logical cores)
    Executing up to 14 processes, one per physical core
    Requested 1.5 GB free memory per action, 1.57 GB available: limiting max parallel actions to 1
  Building 5 actions with 1 process...
  [1/5] Compile SPickupActor.gen.cpp
C:\Users\lg_pi\OneDrive\Documentos\GitHub\CoopHordeGame\CoopHordeGame\Source\CoopHordeGame\Public\SPickupActor.h(22): error C2143: syntax error: missing ';' before '*'
C:\Users\lg_pi\OneDrive\Documentos\GitHub\CoopHordeGame\CoopHordeGame\Source\CoopHordeGame\Public\SPickupActor.h(22): error C4430: missing type specifier - int assumed. Note: C++ does not support default-int
C:\Users\lg_pi\OneDrive\Documentos\GitHub\CoopHordeGame\CoopHordeGame\Source\CoopHordeGame\Public\SPickupActor.h(22): error C2238: unexpected token(s) preceding ';'
  [2/5] Compile SPickupActor.cpp
C:\Users\lg_pi\OneDrive\Documentos\GitHub\CoopHordeGame\CoopHordeGame\Source\CoopHordeGame\Public\SPickupActor.h(22): error C2143: syntax error: missing ';' before '*'
C:\Users\lg_pi\OneDrive\Documentos\GitHub\CoopHordeGame\CoopHordeGame\Source\CoopHordeGame\Public\SPickupActor.h(22): error C4430: missing type specifier - int assumed. Note: C++ does not support default-int
C:\Users\lg_pi\OneDrive\Documentos\GitHub\CoopHordeGame\CoopHordeGame\Source\CoopHordeGame\Public\SPickupActor.h(22): error C2238: unexpected token(s) preceding ';'
  [3/5] Link UnrealEditor-CoopHordeGame-0002.lib cancelled
  [4/5] Link UnrealEditor-CoopHordeGame-0002.dll cancelled
  [5/5] WriteMetadata CoopHordeGameEditor.target cancelled
C:\Program Files\Microsoft Visual Studio\2022\Community\MSBuild\Microsoft\VC\v170\Microsoft.MakeFile.Targets(44,5): error MSB3073: The command ""C:\Program Files\Epic Games\UE_5.1\Engine\Build\BatchFiles\Build.bat" CoopHordeGameEditor Win64 Development -Project="C:\Users\lg_pi\OneDrive\Documentos\GitHub\CoopHordeGame\CoopHordeGame\CoopHordeGame.uproject" -WaitMutex -FromMsBuild" exited with code 6.
